{"contracts/NftMarketplace.sol":{"l":{"56":0,"57":0,"58":0,"60":0,"64":0,"65":0,"66":0,"68":0,"76":0,"77":0,"78":0,"79":0,"81":0,"91":0,"92":0,"95":0,"96":0,"97":0,"99":0,"100":0,"107":0,"108":0,"109":0,"111":0,"112":0,"113":0,"114":0,"121":0,"122":0,"130":0,"131":0,"135":0,"136":0,"137":0,"139":0,"140":0,"141":0,"142":0,"149":0,"153":0},"path":"/Users/emreayar/Documents/Marketplace/contracts/NftMarketplace.sol","s":{"1":0,"2":0,"3":0,"4":0,"5":0,"6":0,"7":0,"8":0,"9":0,"10":0,"11":0,"12":0,"13":0,"14":0,"15":0,"16":0,"17":0,"18":0,"19":0,"20":0,"21":0,"22":0,"23":0},"b":{"1":[0,0],"2":[0,0],"3":[0,0],"4":[0,0],"5":[0,0],"6":[0,0],"7":[0,0],"8":[0,0],"9":[0,0],"10":[0,0],"11":[0,0],"12":[0,0],"13":[0,0],"14":[0,0],"15":[0,0]},"f":{"1":0,"2":0,"3":0,"4":0,"5":0,"6":0,"7":0,"8":0,"9":0,"10":0},"fnMap":{"1":{"name":"notListed","line":51,"loc":{"start":{"line":51,"column":2},"end":{"line":61,"column":2}}},"2":{"name":"isListed","line":63,"loc":{"start":{"line":63,"column":2},"end":{"line":69,"column":2}}},"3":{"name":"isOwner","line":71,"loc":{"start":{"line":71,"column":2},"end":{"line":82,"column":2}}},"4":{"name":"listItem","line":90,"loc":{"start":{"line":86,"column":2},"end":{"line":101,"column":2}}},"5":{"name":"buyItem","line":106,"loc":{"start":{"line":103,"column":2},"end":{"line":115,"column":2}}},"6":{"name":"cancelListing","line":120,"loc":{"start":{"line":117,"column":2},"end":{"line":123,"column":2}}},"7":{"name":"updateListing","line":129,"loc":{"start":{"line":125,"column":2},"end":{"line":132,"column":2}}},"8":{"name":"withdrawProceeds","line":134,"loc":{"start":{"line":134,"column":2},"end":{"line":144,"column":2}}},"9":{"name":"getListing","line":148,"loc":{"start":{"line":148,"column":2},"end":{"line":150,"column":2}}},"10":{"name":"getProceeds","line":152,"loc":{"start":{"line":152,"column":2},"end":{"line":154,"column":2}}}},"statementMap":{"1":{"start":{"line":56,"column":4},"end":{"line":56,"column":60}},"2":{"start":{"line":57,"column":4},"end":{"line":57,"column":1479}},"3":{"start":{"line":64,"column":4},"end":{"line":64,"column":60}},"4":{"start":{"line":65,"column":4},"end":{"line":65,"column":1712}},"5":{"start":{"line":76,"column":4},"end":{"line":76,"column":37}},"6":{"start":{"line":77,"column":4},"end":{"line":77,"column":40}},"7":{"start":{"line":78,"column":4},"end":{"line":78,"column":1993}},"8":{"start":{"line":91,"column":4},"end":{"line":91,"column":2283}},"9":{"start":{"line":95,"column":4},"end":{"line":95,"column":37}},"10":{"start":{"line":96,"column":4},"end":{"line":96,"column":2404}},"11":{"start":{"line":100,"column":4},"end":{"line":100,"column":59}},"12":{"start":{"line":107,"column":4},"end":{"line":107,"column":63}},"13":{"start":{"line":108,"column":4},"end":{"line":108,"column":2835}},"14":{"start":{"line":113,"column":4},"end":{"line":113,"column":79}},"15":{"start":{"line":114,"column":4},"end":{"line":114,"column":70}},"16":{"start":{"line":122,"column":4},"end":{"line":122,"column":54}},"17":{"start":{"line":131,"column":4},"end":{"line":131,"column":63}},"18":{"start":{"line":135,"column":4},"end":{"line":135,"column":45}},"19":{"start":{"line":136,"column":4},"end":{"line":136,"column":3893}},"20":{"start":{"line":140,"column":4},"end":{"line":140,"column":68}},"21":{"start":{"line":141,"column":4},"end":{"line":141,"column":4069}},"22":{"start":{"line":149,"column":4},"end":{"line":149,"column":42}},"23":{"start":{"line":153,"column":4},"end":{"line":153,"column":29}}},"branchMap":{"1":{"line":57,"type":"if","locations":[{"start":{"line":57,"column":4},"end":{"line":57,"column":4}},{"start":{"line":57,"column":4},"end":{"line":57,"column":4}}]},"2":{"line":65,"type":"if","locations":[{"start":{"line":65,"column":4},"end":{"line":65,"column":4}},{"start":{"line":65,"column":4},"end":{"line":65,"column":4}}]},"3":{"line":78,"type":"if","locations":[{"start":{"line":78,"column":4},"end":{"line":78,"column":4}},{"start":{"line":78,"column":4},"end":{"line":78,"column":4}}]},"4":{"line":90,"type":"if","locations":[{"start":{"line":90,"column":13},"end":{"line":90,"column":13}},{"start":{"line":90,"column":13},"end":{"line":90,"column":13}}]},"5":{"line":90,"type":"if","locations":[{"start":{"line":90,"column":56},"end":{"line":90,"column":56}},{"start":{"line":90,"column":56},"end":{"line":90,"column":56}}]},"6":{"line":91,"type":"if","locations":[{"start":{"line":91,"column":4},"end":{"line":91,"column":4}},{"start":{"line":91,"column":4},"end":{"line":91,"column":4}}]},"7":{"line":96,"type":"if","locations":[{"start":{"line":96,"column":4},"end":{"line":96,"column":4}},{"start":{"line":96,"column":4},"end":{"line":96,"column":4}}]},"8":{"line":106,"type":"if","locations":[{"start":{"line":106,"column":21},"end":{"line":106,"column":21}},{"start":{"line":106,"column":21},"end":{"line":106,"column":21}}]},"9":{"line":108,"type":"if","locations":[{"start":{"line":108,"column":4},"end":{"line":108,"column":4}},{"start":{"line":108,"column":4},"end":{"line":108,"column":4}}]},"10":{"line":120,"type":"if","locations":[{"start":{"line":120,"column":13},"end":{"line":120,"column":13}},{"start":{"line":120,"column":13},"end":{"line":120,"column":13}}]},"11":{"line":120,"type":"if","locations":[{"start":{"line":120,"column":43},"end":{"line":120,"column":43}},{"start":{"line":120,"column":43},"end":{"line":120,"column":43}}]},"12":{"line":129,"type":"if","locations":[{"start":{"line":129,"column":13},"end":{"line":129,"column":13}},{"start":{"line":129,"column":13},"end":{"line":129,"column":13}}]},"13":{"line":129,"type":"if","locations":[{"start":{"line":129,"column":43},"end":{"line":129,"column":43}},{"start":{"line":129,"column":43},"end":{"line":129,"column":43}}]},"14":{"line":136,"type":"if","locations":[{"start":{"line":136,"column":4},"end":{"line":136,"column":4}},{"start":{"line":136,"column":4},"end":{"line":136,"column":4}}]},"15":{"line":141,"type":"if","locations":[{"start":{"line":141,"column":4},"end":{"line":141,"column":4}},{"start":{"line":141,"column":4},"end":{"line":141,"column":4}}]}}},"contracts/test/BasicNft.sol":{"l":{"14":0,"18":0,"19":0,"20":0,"24":0,"25":0,"29":0},"path":"/Users/emreayar/Documents/Marketplace/contracts/test/BasicNft.sol","s":{"1":0,"2":0,"3":0,"4":0,"5":0},"b":{"1":[0,0]},"f":{"1":0,"2":0,"3":0,"4":0},"fnMap":{"1":{"name":"constructor","line":13,"loc":{"start":{"line":13,"column":2},"end":{"line":15,"column":2}}},"2":{"name":"mintNft","line":17,"loc":{"start":{"line":17,"column":2},"end":{"line":21,"column":2}}},"3":{"name":"tokenURI","line":23,"loc":{"start":{"line":23,"column":2},"end":{"line":26,"column":2}}},"4":{"name":"getTokenCounter","line":28,"loc":{"start":{"line":28,"column":2},"end":{"line":30,"column":2}}}},"statementMap":{"1":{"start":{"line":18,"column":4},"end":{"line":18,"column":40}},"2":{"start":{"line":19,"column":4},"end":{"line":19,"column":34}},"3":{"start":{"line":24,"column":4},"end":{"line":24,"column":79}},"4":{"start":{"line":25,"column":4},"end":{"line":25,"column":20}},"5":{"start":{"line":29,"column":4},"end":{"line":29,"column":25}}},"branchMap":{"1":{"line":24,"type":"if","locations":[{"start":{"line":24,"column":4},"end":{"line":24,"column":4}},{"start":{"line":24,"column":4},"end":{"line":24,"column":4}}]}}}}