TN:
SF:/Users/emreayar/Documents/Marketplace/contracts/NftMarketplace.sol
FN:51,notListed
FN:63,isListed
FN:71,isOwner
FN:90,listItem
FN:106,buyItem
FN:120,cancelListing
FN:129,updateListing
FN:134,withdrawProceeds
FN:148,getListing
FN:152,getProceeds
FNF:10
FNH:0
FNDA:0,notListed
FNDA:0,isListed
FNDA:0,isOwner
FNDA:0,listItem
FNDA:0,buyItem
FNDA:0,cancelListing
FNDA:0,updateListing
FNDA:0,withdrawProceeds
FNDA:0,getListing
FNDA:0,getProceeds
DA:56,0
DA:57,0
DA:58,0
DA:60,0
DA:64,0
DA:65,0
DA:66,0
DA:68,0
DA:76,0
DA:77,0
DA:78,0
DA:79,0
DA:81,0
DA:91,0
DA:92,0
DA:95,0
DA:96,0
DA:97,0
DA:99,0
DA:100,0
DA:107,0
DA:108,0
DA:109,0
DA:111,0
DA:112,0
DA:113,0
DA:114,0
DA:121,0
DA:122,0
DA:130,0
DA:131,0
DA:135,0
DA:136,0
DA:137,0
DA:139,0
DA:140,0
DA:141,0
DA:142,0
DA:149,0
DA:153,0
LF:40
LH:0
BRDA:57,1,0,0
BRDA:57,1,1,0
BRDA:65,2,0,0
BRDA:65,2,1,0
BRDA:78,3,0,0
BRDA:78,3,1,0
BRDA:90,4,0,0
BRDA:90,4,1,0
BRDA:90,5,0,0
BRDA:90,5,1,0
BRDA:91,6,0,0
BRDA:91,6,1,0
BRDA:96,7,0,0
BRDA:96,7,1,0
BRDA:106,8,0,0
BRDA:106,8,1,0
BRDA:108,9,0,0
BRDA:108,9,1,0
BRDA:120,10,0,0
BRDA:120,10,1,0
BRDA:120,11,0,0
BRDA:120,11,1,0
BRDA:129,12,0,0
BRDA:129,12,1,0
BRDA:129,13,0,0
BRDA:129,13,1,0
BRDA:136,14,0,0
BRDA:136,14,1,0
BRDA:141,15,0,0
BRDA:141,15,1,0
BRF:30
BRH:0
end_of_record
TN:
SF:/Users/emreayar/Documents/Marketplace/contracts/test/BasicNft.sol
FN:13,constructor
FN:17,mintNft
FN:23,tokenURI
FN:28,getTokenCounter
FNF:4
FNH:0
FNDA:0,constructor
FNDA:0,mintNft
FNDA:0,tokenURI
FNDA:0,getTokenCounter
DA:14,0
DA:18,0
DA:19,0
DA:20,0
DA:24,0
DA:25,0
DA:29,0
LF:7
LH:0
BRDA:24,1,0,0
BRDA:24,1,1,0
BRF:2
BRH:0
end_of_record
